This file contains any messages produced by compilers while
running configure, to aid debugging if configure makes a mistake.

configure:540: checking for less
configure:573: checking for gcc
configure:686: checking whether the C compiler (gcc  ) works
configure:702: gcc -o conftest    conftest.c  1>&5
configure:728: checking whether the C compiler (gcc  ) is a cross-compiler
configure:733: checking whether we are using GNU C
configure:742: gcc -E conftest.c
configure:761: checking whether gcc accepts -g
configure:796: checking whether gcc -Wall also needs -Wno-char-subscripts
configure:815: gcc -c -g -O2 -Wall -Werror  conftest.c 1>&5
configure:832: checking whether gcc accepts -Wno-char-subscripts
configure:847: gcc -c -g -O2 -Wno-char-subscripts  conftest.c 1>&5
configure:864: checking whether gcc accepts -fno-builtin
configure:879: gcc -c -g -O2 -fno-builtin  conftest.c 1>&5
configure:912: checking for gethostbyaddr
configure:940: gcc -o conftest -g -O2   conftest.c  1>&5
configure:1001: checking for socket
configure:1029: gcc -o conftest -g -O2   conftest.c  1>&5
configure:1090: checking for malloc
configure:1118: gcc -o conftest -g -O2   conftest.c  1>&5
configure:1102: warning: conflicting types for built-in function 'malloc'
configure:1186: checking for crypt
configure:1214: gcc -o conftest -g -O2   conftest.c  1>&5
/tmp/ccN9jLlz.o: In function `main':
/home/jamie/circle-3.1/configure:1208: undefined reference to `crypt'
collect2: ld returned 1 exit status
configure: failed program was:
#line 1191 "configure"
#include "confdefs.h"
/* System header to define __stub macros and hopefully few prototypes,
    which can conflict with char crypt(); below.  */
#include <assert.h>
/* Override any gcc2 internal prototype to avoid an error.  */
/* We use char because int might match the return type of a gcc2
    builtin and then its argument prototype would still apply.  */
char crypt();

int main() {

/* The GNU C library defines this for functions which it implements
    to always fail with ENOSYS.  Some functions are actually named
    something starting with __ and the normal name is an alias.  */
#if defined (__stub_crypt) || defined (__stub___crypt)
choke me
#else
crypt();
#endif

; return 0; }
configure:1235: checking for crypt in -lcrypt
configure:1254: gcc -o conftest -g -O2   conftest.c -lcrypt   1>&5
configure:1282: checking how to run the C preprocessor
configure:1303: gcc -E  conftest.c >/dev/null 2>conftest.out
configure:1362: checking for ANSI C header files
configure:1375: gcc -E  conftest.c >/dev/null 2>conftest.out
configure:1442: gcc -o conftest -g -O2   conftest.c  1>&5
configure: In function 'main':
configure:1437: warning: incompatible implicit declaration of built-in function 'exit'
configure:1466: checking for sys/wait.h that is POSIX.1 compatible
configure:1487: gcc -c -g -O2  conftest.c 1>&5
configure:1511: checking for fcntl.h
configure:1521: gcc -E  conftest.c >/dev/null 2>conftest.out
configure:1511: checking for sys/fcntl.h
configure:1521: gcc -E  conftest.c >/dev/null 2>conftest.out
configure:1511: checking for errno.h
configure:1521: gcc -E  conftest.c >/dev/null 2>conftest.out
configure:1511: checking for net/errno.h
configure:1521: gcc -E  conftest.c >/dev/null 2>conftest.out
configure:1517:23: error: net/errno.h: No such file or directory
configure: failed program was:
#line 1516 "configure"
#include "confdefs.h"
#include <net/errno.h>
configure:1511: checking for string.h
configure:1521: gcc -E  conftest.c >/dev/null 2>conftest.out
configure:1511: checking for strings.h
configure:1521: gcc -E  conftest.c >/dev/null 2>conftest.out
configure:1551: checking for limits.h
configure:1561: gcc -E  conftest.c >/dev/null 2>conftest.out
configure:1551: checking for sys/time.h
configure:1561: gcc -E  conftest.c >/dev/null 2>conftest.out
configure:1551: checking for sys/select.h
configure:1561: gcc -E  conftest.c >/dev/null 2>conftest.out
configure:1551: checking for sys/types.h
configure:1561: gcc -E  conftest.c >/dev/null 2>conftest.out
configure:1551: checking for unistd.h
configure:1561: gcc -E  conftest.c >/dev/null 2>conftest.out
configure:1591: checking for memory.h
configure:1601: gcc -E  conftest.c >/dev/null 2>conftest.out
configure:1591: checking for crypt.h
configure:1601: gcc -E  conftest.c >/dev/null 2>conftest.out
configure:1591: checking for assert.h
configure:1601: gcc -E  conftest.c >/dev/null 2>conftest.out
configure:1591: checking for arpa/telnet.h
configure:1601: gcc -E  conftest.c >/dev/null 2>conftest.out
configure:1591: checking for arpa/inet.h
configure:1601: gcc -E  conftest.c >/dev/null 2>conftest.out
configure:1631: checking for sys/stat.h
configure:1641: gcc -E  conftest.c >/dev/null 2>conftest.out
configure:1631: checking for sys/socket.h
configure:1641: gcc -E  conftest.c >/dev/null 2>conftest.out
configure:1631: checking for sys/resource.h
configure:1641: gcc -E  conftest.c >/dev/null 2>conftest.out
configure:1631: checking for netinet/in.h
configure:1641: gcc -E  conftest.c >/dev/null 2>conftest.out
configure:1631: checking for netdb.h
configure:1641: gcc -E  conftest.c >/dev/null 2>conftest.out
configure:1671: checking for signal.h
configure:1681: gcc -E  conftest.c >/dev/null 2>conftest.out
configure:1671: checking for sys/uio.h
configure:1681: gcc -E  conftest.c >/dev/null 2>conftest.out
configure:1671: checking for mcheck.h
configure:1681: gcc -E  conftest.c >/dev/null 2>conftest.out
configure:1710: checking whether crypt needs over 10 characters
configure:1749: gcc -o conftest -g -O2   conftest.c -lcrypt  1>&5
configure: In function 'main':
configure:1742: warning: incompatible implicit declaration of built-in function 'exit'
configure: failed program was:
#line 1726 "configure"
#include "confdefs.h"

#define _XOPEN_SOURCE
#include <string.h>
#include <unistd.h>
#include <crypt.h>

int main(void)
{
  char pwd[11], pwd2[11];

  strncpy(pwd, (char *)crypt("FooBar", "BazQux"), 10);
  pwd[10] = '\0';
  strncpy(pwd2, (char *)crypt("xyzzy", "BazQux"), 10);
  pwd2[10] = '\0';
  if (strcmp(pwd, pwd2) == 0)
    exit(0);
  exit(1);
}


configure:1776: checking for working const
configure:1830: gcc -c -g -O2  conftest.c 1>&5
configure:1851: checking for pid_t
configure:1884: checking for size_t
configure:1917: checking for ssize_t
configure:1950: checking whether time.h and sys/time.h may both be included
configure:1964: gcc -c -g -O2  conftest.c 1>&5
configure:1999: checking for struct in_addr
configure:2011: gcc -c -g -O2  conftest.c 1>&5
configure:2038: checking for typedef socklen_t
configure:2050: gcc -c -g -O2  conftest.c 1>&5
configure:2074: checking return type of signal handlers
configure:2096: gcc -c -g -O2  conftest.c 1>&5
configure:2115: checking for vprintf
configure:2143: gcc -o conftest -g -O2   conftest.c  1>&5
configure:2127: warning: conflicting types for built-in function 'vprintf'
configure:2222: checking for gettimeofday
configure:2250: gcc -o conftest -g -O2   conftest.c  1>&5
configure:2222: checking for select
configure:2250: gcc -o conftest -g -O2   conftest.c  1>&5
configure:2222: checking for snprintf
configure:2250: gcc -o conftest -g -O2   conftest.c  1>&5
configure:2234: warning: conflicting types for built-in function 'snprintf'
configure:2222: checking for strcasecmp
configure:2250: gcc -o conftest -g -O2   conftest.c  1>&5
configure:2234: warning: conflicting types for built-in function 'strcasecmp'
configure:2222: checking for strdup
configure:2250: gcc -o conftest -g -O2   conftest.c  1>&5
configure:2234: warning: conflicting types for built-in function 'strdup'
configure:2222: checking for strerror
configure:2250: gcc -o conftest -g -O2   conftest.c  1>&5
configure:2222: checking for stricmp
configure:2250: gcc -o conftest -g -O2   conftest.c  1>&5
/tmp/cc9NvZ2A.o: In function `main':
/home/jamie/circle-3.1/configure:2244: undefined reference to `stricmp'
collect2: ld returned 1 exit status
configure: failed program was:
#line 2227 "configure"
#include "confdefs.h"
/* System header to define __stub macros and hopefully few prototypes,
    which can conflict with char stricmp(); below.  */
#include <assert.h>
/* Override any gcc2 internal prototype to avoid an error.  */
/* We use char because int might match the return type of a gcc2
    builtin and then its argument prototype would still apply.  */
char stricmp();

int main() {

/* The GNU C library defines this for functions which it implements
    to always fail with ENOSYS.  Some functions are actually named
    something starting with __ and the normal name is an alias.  */
#if defined (__stub_stricmp) || defined (__stub___stricmp)
choke me
#else
stricmp();
#endif

; return 0; }
configure:2222: checking for strlcpy
configure:2250: gcc -o conftest -g -O2   conftest.c  1>&5
/tmp/ccfFTwzD.o: In function `main':
/home/jamie/circle-3.1/configure:2244: undefined reference to `strlcpy'
collect2: ld returned 1 exit status
configure: failed program was:
#line 2227 "configure"
#include "confdefs.h"
/* System header to define __stub macros and hopefully few prototypes,
    which can conflict with char strlcpy(); below.  */
#include <assert.h>
/* Override any gcc2 internal prototype to avoid an error.  */
/* We use char because int might match the return type of a gcc2
    builtin and then its argument prototype would still apply.  */
char strlcpy();

int main() {

/* The GNU C library defines this for functions which it implements
    to always fail with ENOSYS.  Some functions are actually named
    something starting with __ and the normal name is an alias.  */
#if defined (__stub_strlcpy) || defined (__stub___strlcpy)
choke me
#else
strlcpy();
#endif

; return 0; }
configure:2222: checking for strncasecmp
configure:2250: gcc -o conftest -g -O2   conftest.c  1>&5
configure:2234: warning: conflicting types for built-in function 'strncasecmp'
configure:2222: checking for strnicmp
configure:2250: gcc -o conftest -g -O2   conftest.c  1>&5
/tmp/ccIss3II.o: In function `main':
/home/jamie/circle-3.1/configure:2244: undefined reference to `strnicmp'
collect2: ld returned 1 exit status
configure: failed program was:
#line 2227 "configure"
#include "confdefs.h"
/* System header to define __stub macros and hopefully few prototypes,
    which can conflict with char strnicmp(); below.  */
#include <assert.h>
/* Override any gcc2 internal prototype to avoid an error.  */
/* We use char because int might match the return type of a gcc2
    builtin and then its argument prototype would still apply.  */
char strnicmp();

int main() {

/* The GNU C library defines this for functions which it implements
    to always fail with ENOSYS.  Some functions are actually named
    something starting with __ and the normal name is an alias.  */
#if defined (__stub_strnicmp) || defined (__stub___strnicmp)
choke me
#else
strnicmp();
#endif

; return 0; }
configure:2222: checking for strstr
configure:2250: gcc -o conftest -g -O2   conftest.c  1>&5
configure:2234: warning: conflicting types for built-in function 'strstr'
configure:2222: checking for vsnprintf
configure:2250: gcc -o conftest -g -O2   conftest.c  1>&5
configure:2234: warning: conflicting types for built-in function 'vsnprintf'
configure:2280: checking for inet_addr
configure:2308: gcc -o conftest -g -O2   conftest.c   1>&5
configure:2280: checking for inet_aton
configure:2308: gcc -o conftest -g -O2   conftest.c   1>&5
configure:2338: checking if accept is prototyped
configure:2364: gcc -c -g -O2 -fno-builtin  conftest.c 1>&5
configure:2357: error: conflicting types for 'accept'
/usr/include/sys/socket.h:214: note: previous declaration of 'accept' was here
configure: failed program was:
#line 2348 "configure"
#include "confdefs.h"

#define NO_LIBRARY_PROTOTYPES
#define __COMM_C__
#define __ACT_OTHER_C__
#include "src/sysdep.h"
#ifdef accept
  error - already defined!
#endif
void accept(int a, char b, int c, char d, int e, char f, int g, char h);

int main() {

; return 0; }
configure:2395: checking if atoi is prototyped
configure:2421: gcc -c -g -O2 -fno-builtin  conftest.c 1>&5
configure:2414: error: conflicting types for 'atoi'
/usr/include/stdlib.h:284: note: previous definition of 'atoi' was here
configure: failed program was:
#line 2405 "configure"
#include "confdefs.h"

#define NO_LIBRARY_PROTOTYPES
#define __COMM_C__
#define __ACT_OTHER_C__
#include "src/sysdep.h"
#ifdef atoi
  error - already defined!
#endif
void atoi(int a, char b, int c, char d, int e, char f, int g, char h);

int main() {

; return 0; }
configure:2452: checking if atol is prototyped
configure:2478: gcc -c -g -O2 -fno-builtin  conftest.c 1>&5
configure:2471: error: conflicting types for 'atol'
/usr/include/stdlib.h:289: note: previous definition of 'atol' was here
configure: failed program was:
#line 2462 "configure"
#include "confdefs.h"

#define NO_LIBRARY_PROTOTYPES
#define __COMM_C__
#define __ACT_OTHER_C__
#include "src/sysdep.h"
#ifdef atol
  error - already defined!
#endif
void atol(int a, char b, int c, char d, int e, char f, int g, char h);

int main() {

; return 0; }
configure:2509: checking if bind is prototyped
configure:2535: gcc -c -g -O2 -fno-builtin  conftest.c 1>&5
configure:2528: error: conflicting types for 'bind'
/usr/include/sys/socket.h:115: note: previous declaration of 'bind' was here
configure: failed program was:
#line 2519 "configure"
#include "confdefs.h"

#define NO_LIBRARY_PROTOTYPES
#define __COMM_C__
#define __ACT_OTHER_C__
#include "src/sysdep.h"
#ifdef bind
  error - already defined!
#endif
void bind(int a, char b, int c, char d, int e, char f, int g, char h);

int main() {

; return 0; }
configure:2566: checking if bzero is prototyped
configure:2592: gcc -c -g -O2 -fno-builtin  conftest.c 1>&5
configure:2585: error: conflicting types for 'bzero'
/usr/include/string.h:457: note: previous declaration of 'bzero' was here
configure: failed program was:
#line 2576 "configure"
#include "confdefs.h"

#define NO_LIBRARY_PROTOTYPES
#define __COMM_C__
#define __ACT_OTHER_C__
#include "src/sysdep.h"
#ifdef bzero
  error - already defined!
#endif
void bzero(int a, char b, int c, char d, int e, char f, int g, char h);

int main() {

; return 0; }
configure:2623: checking if chdir is prototyped
configure:2649: gcc -c -g -O2 -fno-builtin  conftest.c 1>&5
configure:2642: error: conflicting types for 'chdir'
/usr/include/unistd.h:493: note: previous declaration of 'chdir' was here
configure: failed program was:
#line 2633 "configure"
#include "confdefs.h"

#define NO_LIBRARY_PROTOTYPES
#define __COMM_C__
#define __ACT_OTHER_C__
#include "src/sysdep.h"
#ifdef chdir
  error - already defined!
#endif
void chdir(int a, char b, int c, char d, int e, char f, int g, char h);

int main() {

; return 0; }
configure:2680: checking if close is prototyped
configure:2706: gcc -c -g -O2 -fno-builtin  conftest.c 1>&5
configure:2699: error: conflicting types for 'close'
/usr/include/unistd.h:350: note: previous declaration of 'close' was here
configure: failed program was:
#line 2690 "configure"
#include "confdefs.h"

#define NO_LIBRARY_PROTOTYPES
#define __COMM_C__
#define __ACT_OTHER_C__
#include "src/sysdep.h"
#ifdef close
  error - already defined!
#endif
void close(int a, char b, int c, char d, int e, char f, int g, char h);

int main() {

; return 0; }
configure:2737: checking if crypt is prototyped
configure:2763: gcc -c -g -O2 -fno-builtin  conftest.c 1>&5
configure:2756: error: conflicting types for 'crypt'
/usr/include/crypt.h:33: note: previous declaration of 'crypt' was here
configure: failed program was:
#line 2747 "configure"
#include "confdefs.h"

#define NO_LIBRARY_PROTOTYPES
#define __COMM_C__
#define __ACT_OTHER_C__
#include "src/sysdep.h"
#ifdef crypt
  error - already defined!
#endif
void crypt(int a, char b, int c, char d, int e, char f, int g, char h);

int main() {

; return 0; }
configure:2794: checking if fclose is prototyped
configure:2820: gcc -c -g -O2 -fno-builtin  conftest.c 1>&5
configure:2813: error: conflicting types for 'fclose'
/usr/include/stdio.h:214: note: previous declaration of 'fclose' was here
configure: failed program was:
#line 2804 "configure"
#include "confdefs.h"

#define NO_LIBRARY_PROTOTYPES
#define __COMM_C__
#define __ACT_OTHER_C__
#include "src/sysdep.h"
#ifdef fclose
  error - already defined!
#endif
void fclose(int a, char b, int c, char d, int e, char f, int g, char h);

int main() {

; return 0; }
configure:2851: checking if fcntl is prototyped
configure:2877: gcc -c -g -O2 -fno-builtin  conftest.c 1>&5
configure:2870: error: conflicting types for 'fcntl'
/usr/include/fcntl.h:64: note: previous declaration of 'fcntl' was here
configure: failed program was:
#line 2861 "configure"
#include "confdefs.h"

#define NO_LIBRARY_PROTOTYPES
#define __COMM_C__
#define __ACT_OTHER_C__
#include "src/sysdep.h"
#ifdef fcntl
  error - already defined!
#endif
void fcntl(int a, char b, int c, char d, int e, char f, int g, char h);

int main() {

; return 0; }
configure:2908: checking if fflush is prototyped
configure:2934: gcc -c -g -O2 -fno-builtin  conftest.c 1>&5
configure:2927: error: conflicting types for 'fflush'
/usr/include/stdio.h:219: note: previous declaration of 'fflush' was here
configure: failed program was:
#line 2918 "configure"
#include "confdefs.h"

#define NO_LIBRARY_PROTOTYPES
#define __COMM_C__
#define __ACT_OTHER_C__
#include "src/sysdep.h"
#ifdef fflush
  error - already defined!
#endif
void fflush(int a, char b, int c, char d, int e, char f, int g, char h);

int main() {

; return 0; }
configure:2965: checking if fprintf is prototyped
configure:2991: gcc -c -g -O2 -fno-builtin  conftest.c 1>&5
configure:2984: error: conflicting types for 'fprintf'
/usr/include/stdio.h:333: note: previous declaration of 'fprintf' was here
configure: failed program was:
#line 2975 "configure"
#include "confdefs.h"

#define NO_LIBRARY_PROTOTYPES
#define __COMM_C__
#define __ACT_OTHER_C__
#include "src/sysdep.h"
#ifdef fprintf
  error - already defined!
#endif
void fprintf(int a, char b, int c, char d, int e, char f, int g, char h);

int main() {

; return 0; }
configure:3022: checking if fputc is prototyped
configure:3048: gcc -c -g -O2 -fno-builtin  conftest.c 1>&5
configure:3041: error: conflicting types for 'fputc'
/usr/include/stdio.h:555: note: previous declaration of 'fputc' was here
configure: failed program was:
#line 3032 "configure"
#include "confdefs.h"

#define NO_LIBRARY_PROTOTYPES
#define __COMM_C__
#define __ACT_OTHER_C__
#include "src/sysdep.h"
#ifdef fputc
  error - already defined!
#endif
void fputc(int a, char b, int c, char d, int e, char f, int g, char h);

int main() {

; return 0; }
configure:3079: checking if fputs is prototyped
configure:3105: gcc -c -g -O2 -fno-builtin  conftest.c 1>&5
configure:3098: error: conflicting types for 'fputs'
/usr/include/stdio.h:662: note: previous declaration of 'fputs' was here
configure: failed program was:
#line 3089 "configure"
#include "confdefs.h"

#define NO_LIBRARY_PROTOTYPES
#define __COMM_C__
#define __ACT_OTHER_C__
#include "src/sysdep.h"
#ifdef fputs
  error - already defined!
#endif
void fputs(int a, char b, int c, char d, int e, char f, int g, char h);

int main() {

; return 0; }
configure:3136: checking if fread is prototyped
configure:3162: gcc -c -g -O2 -fno-builtin  conftest.c 1>&5
configure:3155: error: conflicting types for 'fread'
/usr/include/stdio.h:682: note: previous declaration of 'fread' was here
configure: failed program was:
#line 3146 "configure"
#include "confdefs.h"

#define NO_LIBRARY_PROTOTYPES
#define __COMM_C__
#define __ACT_OTHER_C__
#include "src/sysdep.h"
#ifdef fread
  error - already defined!
#endif
void fread(int a, char b, int c, char d, int e, char f, int g, char h);

int main() {

; return 0; }
configure:3193: checking if fscanf is prototyped
configure:3219: gcc -c -g -O2 -fno-builtin  conftest.c 1>&5
configure:3212: error: conflicting types for 'fscanf'
/usr/include/stdio.h:425: note: previous declaration of 'fscanf' was here
configure: failed program was:
#line 3203 "configure"
#include "confdefs.h"

#define NO_LIBRARY_PROTOTYPES
#define __COMM_C__
#define __ACT_OTHER_C__
#include "src/sysdep.h"
#ifdef fscanf
  error - already defined!
#endif
void fscanf(int a, char b, int c, char d, int e, char f, int g, char h);

int main() {

; return 0; }
configure:3250: checking if fseek is prototyped
configure:3276: gcc -c -g -O2 -fno-builtin  conftest.c 1>&5
configure:3269: error: conflicting types for 'fseek'
/usr/include/stdio.h:722: note: previous declaration of 'fseek' was here
configure: failed program was:
#line 3260 "configure"
#include "confdefs.h"

#define NO_LIBRARY_PROTOTYPES
#define __COMM_C__
#define __ACT_OTHER_C__
#include "src/sysdep.h"
#ifdef fseek
  error - already defined!
#endif
void fseek(int a, char b, int c, char d, int e, char f, int g, char h);

int main() {

; return 0; }
configure:3307: checking if fwrite is prototyped
configure:3333: gcc -c -g -O2 -fno-builtin  conftest.c 1>&5
configure:3326: error: conflicting types for 'fwrite'
/usr/include/stdio.h:688: note: previous declaration of 'fwrite' was here
configure: failed program was:
#line 3317 "configure"
#include "confdefs.h"

#define NO_LIBRARY_PROTOTYPES
#define __COMM_C__
#define __ACT_OTHER_C__
#include "src/sysdep.h"
#ifdef fwrite
  error - already defined!
#endif
void fwrite(int a, char b, int c, char d, int e, char f, int g, char h);

int main() {

; return 0; }
configure:3364: checking if getpeername is prototyped
configure:3390: gcc -c -g -O2 -fno-builtin  conftest.c 1>&5
configure:3383: error: conflicting types for 'getpeername'
/usr/include/sys/socket.h:133: note: previous declaration of 'getpeername' was here
configure: failed program was:
#line 3374 "configure"
#include "confdefs.h"

#define NO_LIBRARY_PROTOTYPES
#define __COMM_C__
#define __ACT_OTHER_C__
#include "src/sysdep.h"
#ifdef getpeername
  error - already defined!
#endif
void getpeername(int a, char b, int c, char d, int e, char f, int g, char h);

int main() {

; return 0; }
configure:3421: checking if getpid is prototyped
configure:3447: gcc -c -g -O2 -fno-builtin  conftest.c 1>&5
configure:3440: error: conflicting types for 'getpid'
/usr/include/unistd.h:623: note: previous declaration of 'getpid' was here
configure: failed program was:
#line 3431 "configure"
#include "confdefs.h"

#define NO_LIBRARY_PROTOTYPES
#define __COMM_C__
#define __ACT_OTHER_C__
#include "src/sysdep.h"
#ifdef getpid
  error - already defined!
#endif
void getpid(int a, char b, int c, char d, int e, char f, int g, char h);

int main() {

; return 0; }
configure:3478: checking if getrlimit is prototyped
configure:3504: gcc -c -g -O2 -fno-builtin  conftest.c 1>&5
configure:3497: error: conflicting types for 'getrlimit'
/usr/include/sys/resource.h:51: note: previous declaration of 'getrlimit' was here
configure: failed program was:
#line 3488 "configure"
#include "confdefs.h"

#define NO_LIBRARY_PROTOTYPES
#define __COMM_C__
#define __ACT_OTHER_C__
#include "src/sysdep.h"
#ifdef getrlimit
  error - already defined!
#endif
void getrlimit(int a, char b, int c, char d, int e, char f, int g, char h);

int main() {

; return 0; }
configure:3535: checking if getsockname is prototyped
configure:3561: gcc -c -g -O2 -fno-builtin  conftest.c 1>&5
configure:3554: error: conflicting types for 'getsockname'
/usr/include/sys/socket.h:119: note: previous declaration of 'getsockname' was here
configure: failed program was:
#line 3545 "configure"
#include "confdefs.h"

#define NO_LIBRARY_PROTOTYPES
#define __COMM_C__
#define __ACT_OTHER_C__
#include "src/sysdep.h"
#ifdef getsockname
  error - already defined!
#endif
void getsockname(int a, char b, int c, char d, int e, char f, int g, char h);

int main() {

; return 0; }
configure:3592: checking if gettimeofday is prototyped
configure:3618: gcc -c -g -O2 -fno-builtin  conftest.c 1>&5
configure:3611: error: conflicting types for 'gettimeofday'
/usr/include/sys/time.h:73: note: previous declaration of 'gettimeofday' was here
configure: failed program was:
#line 3602 "configure"
#include "confdefs.h"

#define NO_LIBRARY_PROTOTYPES
#define __COMM_C__
#define __ACT_OTHER_C__
#include "src/sysdep.h"
#ifdef gettimeofday
  error - already defined!
#endif
void gettimeofday(int a, char b, int c, char d, int e, char f, int g, char h);

int main() {

; return 0; }
configure:3649: checking if htonl is prototyped
configure:3675: gcc -c -g -O2 -fno-builtin  conftest.c 1>&5
configure:3666: error: expected '=', ',', ';', 'asm' or '__attribute__' before '-' token
configure:3668:70: error: macro "htonl" passed 8 arguments, but takes just 1
configure: failed program was:
#line 3659 "configure"
#include "confdefs.h"

#define NO_LIBRARY_PROTOTYPES
#define __COMM_C__
#define __ACT_OTHER_C__
#include "src/sysdep.h"
#ifdef htonl
  error - already defined!
#endif
void htonl(int a, char b, int c, char d, int e, char f, int g, char h);

int main() {

; return 0; }
configure:3706: checking if htons is prototyped
configure:3732: gcc -c -g -O2 -fno-builtin  conftest.c 1>&5
configure:3723: error: expected '=', ',', ';', 'asm' or '__attribute__' before '-' token
configure:3725:70: error: macro "htons" passed 8 arguments, but takes just 1
configure: failed program was:
#line 3716 "configure"
#include "confdefs.h"

#define NO_LIBRARY_PROTOTYPES
#define __COMM_C__
#define __ACT_OTHER_C__
#include "src/sysdep.h"
#ifdef htons
  error - already defined!
#endif
void htons(int a, char b, int c, char d, int e, char f, int g, char h);

int main() {

; return 0; }
configure:3763: checking if inet_addr is prototyped
configure:3789: gcc -c -g -O2 -fno-builtin  conftest.c 1>&5
configure:3782: error: conflicting types for 'inet_addr'
/usr/include/arpa/inet.h:35: note: previous declaration of 'inet_addr' was here
configure: failed program was:
#line 3773 "configure"
#include "confdefs.h"

#define NO_LIBRARY_PROTOTYPES
#define __COMM_C__
#define __ACT_OTHER_C__
#include "src/sysdep.h"
#ifdef inet_addr
  error - already defined!
#endif
void inet_addr(int a, char b, int c, char d, int e, char f, int g, char h);

int main() {

; return 0; }
configure:3820: checking if inet_aton is prototyped
configure:3846: gcc -c -g -O2 -fno-builtin  conftest.c 1>&5
configure:3839: error: conflicting types for 'inet_aton'
/usr/include/arpa/inet.h:74: note: previous declaration of 'inet_aton' was here
configure: failed program was:
#line 3830 "configure"
#include "confdefs.h"

#define NO_LIBRARY_PROTOTYPES
#define __COMM_C__
#define __ACT_OTHER_C__
#include "src/sysdep.h"
#ifdef inet_aton
  error - already defined!
#endif
void inet_aton(int a, char b, int c, char d, int e, char f, int g, char h);

int main() {

; return 0; }
configure:3877: checking if inet_ntoa is prototyped
configure:3903: gcc -c -g -O2 -fno-builtin  conftest.c 1>&5
configure:3896: error: conflicting types for 'inet_ntoa'
/usr/include/arpa/inet.h:54: note: previous declaration of 'inet_ntoa' was here
configure: failed program was:
#line 3887 "configure"
#include "confdefs.h"

#define NO_LIBRARY_PROTOTYPES
#define __COMM_C__
#define __ACT_OTHER_C__
#include "src/sysdep.h"
#ifdef inet_ntoa
  error - already defined!
#endif
void inet_ntoa(int a, char b, int c, char d, int e, char f, int g, char h);

int main() {

; return 0; }
configure:3934: checking if listen is prototyped
configure:3960: gcc -c -g -O2 -fno-builtin  conftest.c 1>&5
configure:3953: error: conflicting types for 'listen'
/usr/include/sys/socket.h:204: note: previous declaration of 'listen' was here
configure: failed program was:
#line 3944 "configure"
#include "confdefs.h"

#define NO_LIBRARY_PROTOTYPES
#define __COMM_C__
#define __ACT_OTHER_C__
#include "src/sysdep.h"
#ifdef listen
  error - already defined!
#endif
void listen(int a, char b, int c, char d, int e, char f, int g, char h);

int main() {

; return 0; }
configure:3991: checking if ntohl is prototyped
configure:4017: gcc -c -g -O2 -fno-builtin  conftest.c 1>&5
configure:4008: error: expected '=', ',', ';', 'asm' or '__attribute__' before '-' token
configure:4010:70: error: macro "ntohl" passed 8 arguments, but takes just 1
configure: failed program was:
#line 4001 "configure"
#include "confdefs.h"

#define NO_LIBRARY_PROTOTYPES
#define __COMM_C__
#define __ACT_OTHER_C__
#include "src/sysdep.h"
#ifdef ntohl
  error - already defined!
#endif
void ntohl(int a, char b, int c, char d, int e, char f, int g, char h);

int main() {

; return 0; }
configure:4048: checking if perror is prototyped
configure:4074: gcc -c -g -O2 -fno-builtin  conftest.c 1>&5
configure:4067: error: conflicting types for 'perror'
/usr/include/stdio.h:819: note: previous declaration of 'perror' was here
configure: failed program was:
#line 4058 "configure"
#include "confdefs.h"

#define NO_LIBRARY_PROTOTYPES
#define __COMM_C__
#define __ACT_OTHER_C__
#include "src/sysdep.h"
#ifdef perror
  error - already defined!
#endif
void perror(int a, char b, int c, char d, int e, char f, int g, char h);

int main() {

; return 0; }
configure:4105: checking if printf is prototyped
configure:4131: gcc -c -g -O2 -fno-builtin  conftest.c 1>&5
configure:4124: error: conflicting types for 'printf'
/usr/include/stdio.h:339: note: previous declaration of 'printf' was here
configure: failed program was:
#line 4115 "configure"
#include "confdefs.h"

#define NO_LIBRARY_PROTOTYPES
#define __COMM_C__
#define __ACT_OTHER_C__
#include "src/sysdep.h"
#ifdef printf
  error - already defined!
#endif
void printf(int a, char b, int c, char d, int e, char f, int g, char h);

int main() {

; return 0; }
configure:4162: checking if qsort is prototyped
configure:4188: gcc -c -g -O2 -fno-builtin  conftest.c 1>&5
configure:4181: error: conflicting types for 'qsort'
/usr/include/stdlib.h:756: note: previous declaration of 'qsort' was here
configure: failed program was:
#line 4172 "configure"
#include "confdefs.h"

#define NO_LIBRARY_PROTOTYPES
#define __COMM_C__
#define __ACT_OTHER_C__
#include "src/sysdep.h"
#ifdef qsort
  error - already defined!
#endif
void qsort(int a, char b, int c, char d, int e, char f, int g, char h);

int main() {

; return 0; }
configure:4219: checking if read is prototyped
configure:4245: gcc -c -g -O2 -fno-builtin  conftest.c 1>&5
configure:4238: error: conflicting types for 'read'
/usr/include/unistd.h:357: note: previous declaration of 'read' was here
configure: failed program was:
#line 4229 "configure"
#include "confdefs.h"

#define NO_LIBRARY_PROTOTYPES
#define __COMM_C__
#define __ACT_OTHER_C__
#include "src/sysdep.h"
#ifdef read
  error - already defined!
#endif
void read(int a, char b, int c, char d, int e, char f, int g, char h);

int main() {

; return 0; }
configure:4276: checking if remove is prototyped
configure:4302: gcc -c -g -O2 -fno-builtin  conftest.c 1>&5
configure:4295: error: conflicting types for 'remove'
/usr/include/stdio.h:155: note: previous declaration of 'remove' was here
configure: failed program was:
#line 4286 "configure"
#include "confdefs.h"

#define NO_LIBRARY_PROTOTYPES
#define __COMM_C__
#define __ACT_OTHER_C__
#include "src/sysdep.h"
#ifdef remove
  error - already defined!
#endif
void remove(int a, char b, int c, char d, int e, char f, int g, char h);

int main() {

; return 0; }
configure:4333: checking if rewind is prototyped
configure:4359: gcc -c -g -O2 -fno-builtin  conftest.c 1>&5
configure:4352: error: conflicting types for 'rewind'
/usr/include/stdio.h:732: note: previous declaration of 'rewind' was here
configure: failed program was:
#line 4343 "configure"
#include "confdefs.h"

#define NO_LIBRARY_PROTOTYPES
#define __COMM_C__
#define __ACT_OTHER_C__
#include "src/sysdep.h"
#ifdef rewind
  error - already defined!
#endif
void rewind(int a, char b, int c, char d, int e, char f, int g, char h);

int main() {

; return 0; }
configure:4390: checking if select is prototyped
configure:4416: gcc -c -g -O2 -fno-builtin  conftest.c 1>&5
configure:4409: error: conflicting types for 'select'
/usr/include/sys/select.h:109: note: previous declaration of 'select' was here
configure: failed program was:
#line 4400 "configure"
#include "confdefs.h"

#define NO_LIBRARY_PROTOTYPES
#define __COMM_C__
#define __ACT_OTHER_C__
#include "src/sysdep.h"
#ifdef select
  error - already defined!
#endif
void select(int a, char b, int c, char d, int e, char f, int g, char h);

int main() {

; return 0; }
configure:4447: checking if setitimer is prototyped
configure:4473: gcc -c -g -O2 -fno-builtin  conftest.c 1>&5
configure:4466: error: conflicting types for 'setitimer'
/usr/include/sys/time.h:133: note: previous declaration of 'setitimer' was here
configure: failed program was:
#line 4457 "configure"
#include "confdefs.h"

#define NO_LIBRARY_PROTOTYPES
#define __COMM_C__
#define __ACT_OTHER_C__
#include "src/sysdep.h"
#ifdef setitimer
  error - already defined!
#endif
void setitimer(int a, char b, int c, char d, int e, char f, int g, char h);

int main() {

; return 0; }
configure:4504: checking if setrlimit is prototyped
configure:4530: gcc -c -g -O2 -fno-builtin  conftest.c 1>&5
configure:4523: error: conflicting types for 'setrlimit'
/usr/include/sys/resource.h:70: note: previous declaration of 'setrlimit' was here
configure: failed program was:
#line 4514 "configure"
#include "confdefs.h"

#define NO_LIBRARY_PROTOTYPES
#define __COMM_C__
#define __ACT_OTHER_C__
#include "src/sysdep.h"
#ifdef setrlimit
  error - already defined!
#endif
void setrlimit(int a, char b, int c, char d, int e, char f, int g, char h);

int main() {

; return 0; }
configure:4561: checking if setsockopt is prototyped
configure:4587: gcc -c -g -O2 -fno-builtin  conftest.c 1>&5
configure:4580: error: conflicting types for 'setsockopt'
/usr/include/sys/socket.h:197: note: previous declaration of 'setsockopt' was here
configure: failed program was:
#line 4571 "configure"
#include "confdefs.h"

#define NO_LIBRARY_PROTOTYPES
#define __COMM_C__
#define __ACT_OTHER_C__
#include "src/sysdep.h"
#ifdef setsockopt
  error - already defined!
#endif
void setsockopt(int a, char b, int c, char d, int e, char f, int g, char h);

int main() {

; return 0; }
configure:4618: checking if snprintf is prototyped
configure:4644: gcc -c -g -O2 -fno-builtin  conftest.c 1>&5
configure:4637: error: conflicting types for 'snprintf'
/usr/include/stdio.h:363: note: previous declaration of 'snprintf' was here
configure: failed program was:
#line 4628 "configure"
#include "confdefs.h"

#define NO_LIBRARY_PROTOTYPES
#define __COMM_C__
#define __ACT_OTHER_C__
#include "src/sysdep.h"
#ifdef snprintf
  error - already defined!
#endif
void snprintf(int a, char b, int c, char d, int e, char f, int g, char h);

int main() {

; return 0; }
configure:4675: checking if socket is prototyped
configure:4701: gcc -c -g -O2 -fno-builtin  conftest.c 1>&5
configure:4694: error: conflicting types for 'socket'
/usr/include/sys/socket.h:105: note: previous declaration of 'socket' was here
configure: failed program was:
#line 4685 "configure"
#include "confdefs.h"

#define NO_LIBRARY_PROTOTYPES
#define __COMM_C__
#define __ACT_OTHER_C__
#include "src/sysdep.h"
#ifdef socket
  error - already defined!
#endif
void socket(int a, char b, int c, char d, int e, char f, int g, char h);

int main() {

; return 0; }
configure:4732: checking if sprintf is prototyped
configure:4758: gcc -c -g -O2 -fno-builtin  conftest.c 1>&5
configure:4751: error: conflicting types for 'sprintf'
/usr/include/stdio.h:341: note: previous declaration of 'sprintf' was here
configure: failed program was:
#line 4742 "configure"
#include "confdefs.h"

#define NO_LIBRARY_PROTOTYPES
#define __COMM_C__
#define __ACT_OTHER_C__
#include "src/sysdep.h"
#ifdef sprintf
  error - already defined!
#endif
void sprintf(int a, char b, int c, char d, int e, char f, int g, char h);

int main() {

; return 0; }
configure:4789: checking if sscanf is prototyped
configure:4815: gcc -c -g -O2 -fno-builtin  conftest.c 1>&5
configure:4808: error: conflicting types for 'sscanf'
/usr/include/stdio.h:430: note: previous declaration of 'sscanf' was here
configure: failed program was:
#line 4799 "configure"
#include "confdefs.h"

#define NO_LIBRARY_PROTOTYPES
#define __COMM_C__
#define __ACT_OTHER_C__
#include "src/sysdep.h"
#ifdef sscanf
  error - already defined!
#endif
void sscanf(int a, char b, int c, char d, int e, char f, int g, char h);

int main() {

; return 0; }
configure:4846: checking if strcasecmp is prototyped
configure:4872: gcc -c -g -O2 -fno-builtin  conftest.c 1>&5
configure:4865: error: conflicting types for 'strcasecmp'
/usr/include/string.h:534: note: previous declaration of 'strcasecmp' was here
configure: failed program was:
#line 4856 "configure"
#include "confdefs.h"

#define NO_LIBRARY_PROTOTYPES
#define __COMM_C__
#define __ACT_OTHER_C__
#include "src/sysdep.h"
#ifdef strcasecmp
  error - already defined!
#endif
void strcasecmp(int a, char b, int c, char d, int e, char f, int g, char h);

int main() {

; return 0; }
configure:4903: checking if strdup is prototyped
configure:4929: gcc -c -g -O2 -fno-builtin  conftest.c 1>&5
configure:4920: error: expected '=', ',', ';', 'asm' or '__attribute__' before '-' token
configure:4922:71: error: macro "strdup" passed 8 arguments, but takes just 1
configure: failed program was:
#line 4913 "configure"
#include "confdefs.h"

#define NO_LIBRARY_PROTOTYPES
#define __COMM_C__
#define __ACT_OTHER_C__
#include "src/sysdep.h"
#ifdef strdup
  error - already defined!
#endif
void strdup(int a, char b, int c, char d, int e, char f, int g, char h);

int main() {

; return 0; }
configure:4960: checking if strerror is prototyped
configure:4986: gcc -c -g -O2 -fno-builtin  conftest.c 1>&5
configure:4979: error: conflicting types for 'strerror'
/usr/include/string.h:411: note: previous declaration of 'strerror' was here
configure: failed program was:
#line 4970 "configure"
#include "confdefs.h"

#define NO_LIBRARY_PROTOTYPES
#define __COMM_C__
#define __ACT_OTHER_C__
#include "src/sysdep.h"
#ifdef strerror
  error - already defined!
#endif
void strerror(int a, char b, int c, char d, int e, char f, int g, char h);

int main() {

; return 0; }
configure:5017: checking if stricmp is prototyped
configure:5043: gcc -c -g -O2 -fno-builtin  conftest.c 1>&5
configure:5074: checking if strlcpy is prototyped
configure:5100: gcc -c -g -O2 -fno-builtin  conftest.c 1>&5
configure:5131: checking if strncasecmp is prototyped
configure:5157: gcc -c -g -O2 -fno-builtin  conftest.c 1>&5
configure:5150: error: conflicting types for 'strncasecmp'
/usr/include/string.h:538: note: previous declaration of 'strncasecmp' was here
configure: failed program was:
#line 5141 "configure"
#include "confdefs.h"

#define NO_LIBRARY_PROTOTYPES
#define __COMM_C__
#define __ACT_OTHER_C__
#include "src/sysdep.h"
#ifdef strncasecmp
  error - already defined!
#endif
void strncasecmp(int a, char b, int c, char d, int e, char f, int g, char h);

int main() {

; return 0; }
configure:5188: checking if strnicmp is prototyped
configure:5214: gcc -c -g -O2 -fno-builtin  conftest.c 1>&5
configure:5245: checking if system is prototyped
configure:5271: gcc -c -g -O2 -fno-builtin  conftest.c 1>&5
configure:5264: error: conflicting types for 'system'
/usr/include/stdlib.h:712: note: previous declaration of 'system' was here
configure: failed program was:
#line 5255 "configure"
#include "confdefs.h"

#define NO_LIBRARY_PROTOTYPES
#define __COMM_C__
#define __ACT_OTHER_C__
#include "src/sysdep.h"
#ifdef system
  error - already defined!
#endif
void system(int a, char b, int c, char d, int e, char f, int g, char h);

int main() {

; return 0; }
configure:5302: checking if time is prototyped
configure:5328: gcc -c -g -O2 -fno-builtin  conftest.c 1>&5
configure:5321: error: conflicting types for 'time'
/usr/include/time.h:186: note: previous declaration of 'time' was here
configure: failed program was:
#line 5312 "configure"
#include "confdefs.h"

#define NO_LIBRARY_PROTOTYPES
#define __COMM_C__
#define __ACT_OTHER_C__
#include "src/sysdep.h"
#ifdef time
  error - already defined!
#endif
void time(int a, char b, int c, char d, int e, char f, int g, char h);

int main() {

; return 0; }
configure:5359: checking if unlink is prototyped
configure:5385: gcc -c -g -O2 -fno-builtin  conftest.c 1>&5
configure:5378: error: conflicting types for 'unlink'
/usr/include/unistd.h:842: note: previous declaration of 'unlink' was here
configure: failed program was:
#line 5369 "configure"
#include "confdefs.h"

#define NO_LIBRARY_PROTOTYPES
#define __COMM_C__
#define __ACT_OTHER_C__
#include "src/sysdep.h"
#ifdef unlink
  error - already defined!
#endif
void unlink(int a, char b, int c, char d, int e, char f, int g, char h);

int main() {

; return 0; }
configure:5416: checking if vsnprintf is prototyped
configure:5442: gcc -c -g -O2 -fno-builtin  conftest.c 1>&5
configure:5435: error: conflicting types for 'vsnprintf'
/usr/include/stdio.h:367: note: previous declaration of 'vsnprintf' was here
configure: failed program was:
#line 5426 "configure"
#include "confdefs.h"

#define NO_LIBRARY_PROTOTYPES
#define __COMM_C__
#define __ACT_OTHER_C__
#include "src/sysdep.h"
#ifdef vsnprintf
  error - already defined!
#endif
void vsnprintf(int a, char b, int c, char d, int e, char f, int g, char h);

int main() {

; return 0; }
configure:5473: checking if write is prototyped
configure:5499: gcc -c -g -O2 -fno-builtin  conftest.c 1>&5
configure:5492: error: conflicting types for 'write'
/usr/include/unistd.h:363: note: previous declaration of 'write' was here
configure: failed program was:
#line 5483 "configure"
#include "confdefs.h"

#define NO_LIBRARY_PROTOTYPES
#define __COMM_C__
#define __ACT_OTHER_C__
#include "src/sysdep.h"
#ifdef write
  error - already defined!
#endif
void write(int a, char b, int c, char d, int e, char f, int g, char h);

int main() {

; return 0; }
